SF:lib\core\models\user_model.dart
DA:6,4
DA:11,1
DA:12,1
DA:13,1
DA:14,1
DA:18,2
DA:19,2
DA:20,2
DA:21,2
LF:9
LH:9
end_of_record
SF:lib\core\responses\response.dart
DA:7,2
DA:14,2
LF:2
LH:2
end_of_record
SF:lib\features\home\datasource\home_datasource.dart
DA:17,1
DA:20,1
DA:25,4
DA:26,2
DA:27,2
DA:28,3
DA:30,2
DA:32,1
DA:33,2
LF:9
LH:9
end_of_record
SF:lib\features\home\datasource\home_repositorie_impl.dart
DA:9,1
DA:12,1
DA:14,4
DA:15,2
DA:16,2
DA:17,1
DA:18,2
LF:7
LH:7
end_of_record
SF:lib\features\home\presenter\controller\home_controller.dart
DA:14,1
DA:18,1
DA:19,3
DA:20,6
DA:21,2
DA:22,3
DA:23,2
DA:24,1
DA:25,3
DA:26,2
LF:10
LH:10
end_of_record
